e:\dropbox\src\marine_bot\release\vc120.pdb
e:\dropbox\src\marine_bot\release\waypoint.obj
e:\dropbox\src\marine_bot\release\util.obj
e:\dropbox\src\marine_bot\release\pathmap.obj
e:\dropbox\src\marine_bot\release\namefunc.obj
e:\dropbox\src\marine_bot\release\mb_hud.obj
e:\dropbox\src\marine_bot\release\linkfunc.obj
e:\dropbox\src\marine_bot\release\lex.yy.obj
e:\dropbox\src\marine_bot\release\engine.obj
e:\dropbox\src\marine_bot\release\dll.obj
e:\dropbox\src\marine_bot\release\config.tab.obj
e:\dropbox\src\marine_bot\release\config.obj
e:\dropbox\src\marine_bot\release\bot_start.obj
e:\dropbox\src\marine_bot\release\bot_navigate.obj
e:\dropbox\src\marine_bot\release\bot_combat.obj
e:\dropbox\src\marine_bot\release\bot_client.obj
e:\dropbox\src\marine_bot\release\bot.obj
e:\dropbox\src\marine_bot\release\marine_bot.tlog\cl.command.1.tlog
e:\dropbox\src\marine_bot\release\marine_bot.tlog\cl.read.1.tlog
e:\dropbox\src\marine_bot\release\marine_bot.tlog\cl.write.1.tlog
